\BOOKMARK [0][-]{chapter.1}{Introdu\347\343o e principais desafios}{}% 1
\BOOKMARK [0][-]{chapter.2}{Classes}{}% 2
\BOOKMARK [1][-]{section.2.1}{Main}{chapter.2}% 3
\BOOKMARK [1][-]{section.2.2}{TrazAqui}{chapter.2}% 4
\BOOKMARK [1][-]{section.2.3}{Estado}{chapter.2}% 5
\BOOKMARK [1][-]{section.2.4}{Controller}{chapter.2}% 6
\BOOKMARK [1][-]{section.2.5}{ControllerUtilizador}{chapter.2}% 7
\BOOKMARK [1][-]{section.2.6}{ControllerVoluntario}{chapter.2}% 8
\BOOKMARK [1][-]{section.2.7}{ControllerLoja}{chapter.2}% 9
\BOOKMARK [1][-]{section.2.8}{ControllerTransportadora}{chapter.2}% 10
\BOOKMARK [1][-]{section.2.9}{Conta}{chapter.2}% 11
\BOOKMARK [1][-]{section.2.10}{Contas}{chapter.2}% 12
\BOOKMARK [1][-]{section.2.11}{Encomenda}{chapter.2}% 13
\BOOKMARK [1][-]{section.2.12}{LinhaEncomenda}{chapter.2}% 14
\BOOKMARK [1][-]{section.2.13}{Utilizador}{chapter.2}% 15
\BOOKMARK [1][-]{section.2.14}{Voluntario}{chapter.2}% 16
\BOOKMARK [1][-]{section.2.15}{Loja}{chapter.2}% 17
\BOOKMARK [1][-]{section.2.16}{Transportadora}{chapter.2}% 18
\BOOKMARK [1][-]{section.2.17}{Menu}{chapter.2}% 19
\BOOKMARK [1][-]{section.2.18}{Interface Randoms}{chapter.2}% 20
\BOOKMARK [1][-]{section.2.19}{Interface TranspVolunt}{chapter.2}% 21
\BOOKMARK [1][-]{section.2.20}{TipoConta}{chapter.2}% 22
\BOOKMARK [1][-]{section.2.21}{Point}{chapter.2}% 23
\BOOKMARK [0][-]{chapter.3}{Estrutura do projeto}{}% 24
\BOOKMARK [0][-]{chapter.4}{Conclus\343o}{}% 25
\BOOKMARK [0][-]{appendix.A}{Diagrama de Classes}{}% 26
